2021-04-23 08:55:45,027 - INFO - Connection Successfull!
2021-04-23 08:55:45,027 - INFO - Choosen to create a new table
2021-04-23 08:55:47,045 - INFO - Table to be created with id as a primary key: t
2021-04-23 08:55:49,602 - INFO - Connection Successfull!
2021-04-23 08:55:49,602 - INFO - Choosen to drop table
2021-04-23 08:55:51,271 - INFO - Table to be deleted: t
2021-04-23 08:59:51,032 - INFO - Connection Successfull!
2021-04-23 08:59:54,057 - INFO - Connection Successfull!
2021-04-23 08:59:54,059 - INFO - Choosen to create a new table
2021-04-23 08:59:55,259 - INFO - Table to be created with id as a primary key: t
2021-04-23 08:59:59,138 - INFO - Connection Successfull!
2021-04-23 08:59:59,139 - INFO - Choosen to drop table
2021-04-23 09:00:00,576 - INFO - Table to be deleted: t
2021-04-23 09:00:02,634 - INFO - Connection Successfull!
2021-04-23 09:48:18,629 - log - INFO - Program start
2021-04-23 09:48:34,335 - log - INFO - Connection Successfull!
2021-04-23 09:48:34,335 - log - INFO - Choosen to create a new table
2021-04-23 09:48:37,413 - log - INFO - Table to be created with id as a primary key: t
2021-04-23 09:48:43,251 - log - INFO - Connection Successfull!
2021-04-23 09:48:43,251 - log - INFO - Choosen to drop table
2021-04-23 09:48:44,480 - log - INFO - Table to be deleted: t
2021-04-23 09:48:46,764 - log - INFO - Connection Successfull!
2021-04-23 09:48:46,765 - log - INFO - Choosen to quit
2021-04-23 09:49:07,183 - log - INFO - Program start
2021-04-23 09:49:14,552 - log - INFO - Connection Successfull!
2021-04-23 09:49:14,553 - log - INFO - Choosen to retrieve records
2021-04-23 09:49:14,646 - log - INFO - (1, 'Selva', 15000.0)
2021-04-23 09:49:14,647 - log - INFO - (2, 'Sankar', 20000.0)
2021-04-23 09:49:16,755 - log - INFO - Connection Successfull!
2021-04-23 09:49:16,756 - log - INFO - Choosen to quit
2021-04-23 09:53:19,237 - log - INFO - Program start
2021-04-23 09:53:33,074 - log - INFO - Connection Successfull!
2021-04-23 09:53:33,074 - log - INFO - Choosen to retrieve records
2021-04-23 09:53:33,076 - log - INFO - (1, 'Selva', 15000.0)
2021-04-23 09:53:33,076 - log - INFO - (2, 'Sankar', 20000.0)
2021-04-23 09:53:34,513 - log - INFO - Connection Successfull!
2021-04-23 09:53:34,514 - log - INFO - Choosen to quit
